<?xml version="1.0" encoding="UTF-8"?>
<testng-results ignored="0" total="1" passed="1" failed="0" skipped="0">
  <reporter-output>
  </reporter-output>
  <suite started-at="2025-01-14T19:35:30 EST" name="Default suite" finished-at="2025-01-14T19:35:33 EST" duration-ms="3103">
    <groups>
    </groups>
    <test started-at="2025-01-14T19:35:30 EST" name="Default test" finished-at="2025-01-14T19:35:33 EST" duration-ms="3103">
      <class name="com.firstSeleniumProject.testcases.TestLogin">
        <test-method is-config="true" signature="setUp()[pri:0, instance:com.firstSeleniumProject.testcases.TestLogin@292b08d6]" started-at="2025-01-14T19:35:30 EST" name="setUp" finished-at="2025-01-14T19:35:32 EST" duration-ms="1817" status="PASS">
          <reporter-output>
          </reporter-output>
        </test-method> <!-- setUp -->
        <test-method signature="verifyLogin()[pri:0, instance:com.firstSeleniumProject.testcases.TestLogin@292b08d6]" started-at="2025-01-14T19:35:32 EST" name="verifyLogin" finished-at="2025-01-14T19:35:33 EST" duration-ms="1248" status="PASS">
          <reporter-output>
          </reporter-output>
        </test-method> <!-- verifyLogin -->
        <test-method is-config="true" signature="tearDown()[pri:0, instance:com.firstSeleniumProject.testcases.TestLogin@292b08d6]" started-at="2025-01-14T19:35:33 EST" name="tearDown" finished-at="2025-01-14T19:35:33 EST" duration-ms="4" status="PASS">
          <reporter-output>
          </reporter-output>
        </test-method> <!-- tearDown -->
      </class> <!-- com.firstSeleniumProject.testcases.TestLogin -->
    </test> <!-- Default test -->
  </suite> <!-- Default suite -->
</testng-results>
